7/12/2020 10:18:26 PM	This log contains information about the import schema operation into project 'DatabaseProjectForBMS' on computer 'DESKTOP-3SAMKN7' by user 'Asus'.
7/12/2020 10:18:27 PM	Import of database schema has started.
7/12/2020 10:18:37 PM	Gathering database credentials
7/12/2020 10:18:37 PM	Gathering database options
7/12/2020 10:18:37 PM	Gathering generic database scoped configuration option
7/12/2020 10:18:37 PM	Gathering users
7/12/2020 10:18:37 PM	Gathering roles
7/12/2020 10:18:37 PM	Gathering application roles
7/12/2020 10:18:37 PM	Gathering role memberships
7/12/2020 10:18:37 PM	Gathering filegroups
7/12/2020 10:18:37 PM	Gathering full-text catalogs
7/12/2020 10:18:37 PM	Gathering assemblies
7/12/2020 10:18:37 PM	Gathering certificates
7/12/2020 10:18:37 PM	Gathering asymmetric keys
7/12/2020 10:18:37 PM	Gathering symmetric keys
7/12/2020 10:18:37 PM	Gathering encrypted symmetric keys
7/12/2020 10:18:37 PM	Gathering schemas
7/12/2020 10:18:37 PM	Gathering XML schema collections
7/12/2020 10:18:37 PM	Gathering user-defined data types
7/12/2020 10:18:37 PM	Gathering user-defined types
7/12/2020 10:18:37 PM	Gathering table types
7/12/2020 10:18:37 PM	Gathering unique keys for table types
7/12/2020 10:18:37 PM	Gathering primary keys for table types
7/12/2020 10:18:37 PM	Gathering indexes for table types
7/12/2020 10:18:37 PM	Gathering check constraints for table types
7/12/2020 10:18:37 PM	Gathering default constraints for table types
7/12/2020 10:18:37 PM	Gathering partition functions
7/12/2020 10:18:37 PM	Gathering partition schemes
7/12/2020 10:18:37 PM	Gathering functions
7/12/2020 10:18:37 PM	Gathering encrypted functions
7/12/2020 10:18:37 PM	Gathering aggregates
7/12/2020 10:18:37 PM	Gathering procedures
7/12/2020 10:18:38 PM	Gathering encrypted procedures
7/12/2020 10:18:38 PM	Gathering tables
7/12/2020 10:18:38 PM	Gathering primary keys
7/12/2020 10:18:38 PM	Gathering unique constraints
7/12/2020 10:18:38 PM	Gathering foreign keys
7/12/2020 10:18:38 PM	Gathering default constraints
7/12/2020 10:18:38 PM	Gathering check constraints
7/12/2020 10:18:38 PM	Gathering views
7/12/2020 10:18:38 PM	Gathering encrypted views
7/12/2020 10:18:38 PM	Gathering indexes
7/12/2020 10:18:38 PM	Gathering statistics
7/12/2020 10:18:38 PM	Gathering full-text index stoplists
7/12/2020 10:18:38 PM	Gathering search property lists
7/12/2020 10:18:38 PM	Gathering search properties
7/12/2020 10:18:38 PM	Gathering full-text indexes
7/12/2020 10:18:38 PM	Gathering column store indexes
7/12/2020 10:18:38 PM	Gathering spatial indexes
7/12/2020 10:18:38 PM	Gathering XML indexes
7/12/2020 10:18:38 PM	Gathering Selective XML indexes
7/12/2020 10:18:38 PM	Gathering encrypted triggers
7/12/2020 10:18:38 PM	Gathering triggers
7/12/2020 10:18:38 PM	Gathering encrypted and clr ddl triggers
7/12/2020 10:18:38 PM	Gathering ddl triggers
7/12/2020 10:18:38 PM	Gathering synonyms
7/12/2020 10:18:38 PM	Gathering defaults
7/12/2020 10:18:38 PM	Gathering data constraint uddt bindings
7/12/2020 10:18:38 PM	Gathering rules
7/12/2020 10:18:38 PM	Gathering data constraint uddt bindings
7/12/2020 10:18:38 PM	Gathering message types
7/12/2020 10:18:38 PM	Gathering queues
7/12/2020 10:18:38 PM	Gathering contracts
7/12/2020 10:18:38 PM	Gathering services
7/12/2020 10:18:38 PM	Gathering event notifications
7/12/2020 10:18:38 PM	Gathering remote service bindings
7/12/2020 10:18:38 PM	Gathering broker priorities
7/12/2020 10:18:38 PM	Gathering signatures
7/12/2020 10:18:38 PM	Gathering data compression options
7/12/2020 10:18:38 PM	Gathering sequence types
7/12/2020 10:18:38 PM	Gathering security policies
7/12/2020 10:18:38 PM	Gather column encryption keys
7/12/2020 10:18:38 PM	Gathering column master keys
7/12/2020 10:18:38 PM	Gathering external data sources
7/12/2020 10:18:38 PM	Gathering external file formats
7/12/2020 10:18:38 PM	Gathering external tables
7/12/2020 10:18:38 PM	Gathering database permissions
7/12/2020 10:18:38 PM	Gathering extended properties
7/12/2020 10:18:39 PM	Gathering credentials
7/12/2020 10:18:39 PM	Gathering logins
7/12/2020 10:18:39 PM	Gathering server audits
7/12/2020 10:18:41 PM	Scanning project for duplicate elements
7/12/2020 10:18:41 PM	Finished duplicate element processing
7/12/2020 10:18:41 PM	Finished importing database.
7/12/2020 10:18:41 PM	A summary of the import was saved to the following location: E:\Academic\BMS for Abbu\DatabaseProjectForBMS\DatabaseProjectForBMS\Import Schema Logs\DatabaseProjectForBM_20200712041826.log
7/12/2020 10:18:41 PM	Click Finish to continue...
